<?xml version="1.0" encoding="UTF-8"?>
<!-- Generated by org.testng.reporters.JUnitReportReporter -->
<testsuite skipped="0" hostname="LSTKEN13706" name="com.softtek.test.RegisterUsers" tests="4" failures="0" timestamp="26 sep 2019 22:46:36 GMT" time="33.453" errors="0">
  <testcase name="registerUserInformation" time="5.319" classname="com.softtek.test.RegisterUsers"/>
  <testcase name="noDBError" time="0.019" classname="com.softtek.test.RegisterUsers"/>
  <testcase name="registerUserInformation" time="24.065" classname="com.softtek.test.RegisterUsers"/>
  <testcase name="registerUserInformation" time="4.050" classname="com.softtek.test.RegisterUsers"/>
</testsuite> <!-- com.softtek.test.RegisterUsers -->
